<?xml version="1.0" encoding="UTF-8"?>
<!-- Generated by org.testng.reporters.JUnitXMLReporter -->
<testsuite ignored="0" hostname="korsyl" failures="0" tests="3" name="Regression2 Test" time="24.63" errors="0" timestamp="2023-10-16T11:23:09 EDT">
  <testcase classname="com.neotech.testcases.LoginTest" name="validLogin" time="5.589"/>
  <testcase classname="com.neotech.testcases.LoginTest" name="emptyPasswordLogin" time="2.179"/>
  <testcase classname="com.neotech.testcases.LoginTest" name="invalidPasswordLogin" time="5.293"/>
</testsuite> <!-- Regression2 Test -->
