<?xml version="1.0" encoding="UTF-8"?>
<!-- Generated by org.testng.reporters.JUnitXMLReporter -->
<testsuite ignored="2" hostname="korsyl" failures="0" tests="1" name="Smoke Test" time="9.665" errors="0" timestamp="2023-10-16T09:19:42 EDT">
  <testcase classname="com.neotech.testcases.LoginTest" name="validLogin" time="5.498"/>
  <testcase classname="com.neotech.testcases.LoginTest" name="invalidPasswordLogin" time="0.0">
    <ignored/>
  </testcase> <!-- invalidPasswordLogin -->
  <testcase classname="com.neotech.testcases.LoginTest" name="emptyPasswordLogin" time="0.0">
    <ignored/>
  </testcase> <!-- emptyPasswordLogin -->
</testsuite> <!-- Smoke Test -->
