<?xml version="1.0" encoding="UTF-8"?>
<!-- Generated by org.testng.reporters.JUnitXMLReporter -->
<testsuite ignored="5" hostname="korsyl" failures="0" tests="3" name="addEmployee Test" time="40.229" errors="0" timestamp="2023-10-18T17:12:19 EDT">
  <testcase classname="com.neotech.testcases.AddEmployeeTest" name="addEmployee" time="11.563"/>
  <testcase classname="com.neotech.testcases.AddEmployeeTest" name="addEmployee" time="11.292"/>
  <testcase classname="com.neotech.testcases.AddEmployeeTest" name="addEmployee" time="10.495"/>
  <testcase classname="com.neotech.testcases.LoginTest" name="invalidPasswordLogin" time="0.0">
    <ignored/>
  </testcase> <!-- invalidPasswordLogin -->
  <testcase classname="com.neotech.testcases.LoginTest" name="emptyPasswordLogin" time="0.0">
    <ignored/>
  </testcase> <!-- emptyPasswordLogin -->
  <testcase classname="com.neotech.testbase.BaseClass" name="@BeforeTest generateReport" time="0.0">
    <ignored/>
  </testcase> <!-- @BeforeTest generateReport -->
  <testcase classname="com.neotech.testcases.LoginTest" name="validLogin" time="0.0">
    <ignored/>
  </testcase> <!-- validLogin -->
  <testcase classname="com.neotech.testbase.BaseClass" name="@AfterTest writeReport" time="0.0">
    <ignored/>
  </testcase> <!-- @AfterTest writeReport -->
</testsuite> <!-- addEmployee Test -->
