<?xml version="1.0" encoding="UTF-8"?>
<testng-results ignored="5" total="6" passed="1" failed="0" skipped="0">
  <reporter-output>
  </reporter-output>
  <suite started-at="2023-10-18T17:36:06 EDT" name="Suite Smoke" finished-at="2023-10-18T17:36:15 EDT" duration-ms="8769">
    <groups>
      <group name="regression">
        <method signature="LoginTest.validLogin()[pri:0, instance:com.neotech.testcases.LoginTest@294a6b8e]" name="validLogin" class="com.neotech.testcases.LoginTest"/>
      </group> <!-- regression -->
      <group name="smoke">
        <method signature="LoginTest.validLogin()[pri:0, instance:com.neotech.testcases.LoginTest@294a6b8e]" name="validLogin" class="com.neotech.testcases.LoginTest"/>
      </group> <!-- smoke -->
    </groups>
    <test started-at="2023-10-18T17:36:06 EDT" name="Smoke Test" finished-at="2023-10-18T17:36:15 EDT" duration-ms="8769">
      <class name="com.neotech.testcases.AddEmployeeTest">
        <test-method is-config="true" signature="generateReport()[pri:0, instance:com.neotech.testcases.AddEmployeeTest@5143c662]" started-at="2023-10-18T17:36:06 EDT" name="generateReport" finished-at="2023-10-18T17:36:06 EDT" duration-ms="115" status="PASS">
          <reporter-output>
          </reporter-output>
        </test-method> <!-- generateReport -->
        <test-method is-config="true" signature="writeReport()[pri:0, instance:com.neotech.testcases.AddEmployeeTest@5143c662]" started-at="2023-10-18T17:36:15 EDT" name="writeReport" finished-at="2023-10-18T17:36:15 EDT" duration-ms="268" status="PASS">
          <reporter-output>
          </reporter-output>
        </test-method> <!-- writeReport -->
      </class> <!-- com.neotech.testcases.AddEmployeeTest -->
      <class name="com.neotech.testcases.LoginTest">
        <test-method is-config="true" signature="setUp()[pri:0, instance:com.neotech.testcases.LoginTest@294a6b8e]" started-at="2023-10-18T17:36:06 EDT" name="setUp" finished-at="2023-10-18T17:36:08 EDT" duration-ms="2147" status="PASS">
          <reporter-output>
          </reporter-output>
        </test-method> <!-- setUp -->
        <test-method signature="validLogin()[pri:0, instance:com.neotech.testcases.LoginTest@294a6b8e]" started-at="2023-10-18T17:36:08 EDT" name="validLogin" finished-at="2023-10-18T17:36:14 EDT" duration-ms="5882" status="PASS">
          <reporter-output>
          </reporter-output>
        </test-method> <!-- validLogin -->
        <test-method is-config="true" signature="tearDown()[pri:0, instance:com.neotech.testcases.LoginTest@294a6b8e]" started-at="2023-10-18T17:36:15 EDT" name="tearDown" finished-at="2023-10-18T17:36:15 EDT" duration-ms="155" status="PASS">
          <reporter-output>
          </reporter-output>
        </test-method> <!-- tearDown -->
      </class> <!-- com.neotech.testcases.LoginTest -->
    </test> <!-- Smoke Test -->
  </suite> <!-- Suite Smoke -->
</testng-results>
