<?xml version="1.0" encoding="UTF-8"?>
<!-- Generated by org.testng.reporters.JUnitXMLReporter -->
<testsuite ignored="8" hostname="korsyl" failures="0" tests="3" name="addEmployee Test" time="69.636" errors="0" timestamp="2023-10-21T10:37:58 EDT">
  <testcase classname="com.neotech.testcases.AddEmployeeTest" name="addEmployee" time="21.909"/>
  <testcase classname="com.neotech.testcases.AddEmployeeTest" name="addEmployee" time="20.096"/>
  <testcase classname="com.neotech.testcases.AddEmployeeTest" name="addEmployee" time="19.952"/>
  <testcase classname="com.neotech.testbase.BaseClass" name="@BeforeTest generateReport" time="0.0">
    <ignored/>
  </testcase> <!-- @BeforeTest generateReport -->
  <testcase classname="com.neotech.testbase.BaseClass" name="@BeforeTest generateReport" time="0.0">
    <ignored/>
  </testcase> <!-- @BeforeTest generateReport -->
  <testcase classname="com.neotech.testbase.BaseClass" name="@AfterTest writeReport" time="0.0">
    <ignored/>
  </testcase> <!-- @AfterTest writeReport -->
  <testcase classname="com.neotech.testbase.BaseClass" name="@AfterTest writeReport" time="0.0">
    <ignored/>
  </testcase> <!-- @AfterTest writeReport -->
  <testcase classname="com.neotech.testcases.LoginTest" name="invalidPasswordLogin" time="0.0">
    <ignored/>
  </testcase> <!-- invalidPasswordLogin -->
  <testcase classname="com.neotech.testcases.LoginTest" name="validLogin" time="0.0">
    <ignored/>
  </testcase> <!-- validLogin -->
  <testcase classname="com.neotech.testcases.LoginTest" name="emptyPasswordLogin" time="0.0">
    <ignored/>
  </testcase> <!-- emptyPasswordLogin -->
  <testcase classname="com.neotech.testcases.AddEmployeeWShane" name="addEmployeeRe" time="0.0">
    <ignored/>
  </testcase> <!-- addEmployeeRe -->
</testsuite> <!-- addEmployee Test -->
